[00:01:03] [Client thread/INFO]: Setting user: Player560
[00:01:03] [Client thread/INFO]: (Session ID is token:0:Player560)
[00:01:04] [Client thread/INFO]: LWJGL Version: 2.9.1
[00:01:04] [Client thread/INFO]: Reloading ResourceManager: Default
[00:01:04] [Sound Library Loader/INFO]: Starting up SoundSystem...
[00:01:05] [Thread-7/INFO]: Initializing LWJGL OpenAL
[00:01:05] [Thread-7/INFO]: (The LWJGL binding of OpenAL.  For more information, see http://www.lwjgl.org)
[00:01:05] [Thread-7/INFO]: OpenAL initialized.
[00:01:05] [Sound Library Loader/INFO]: Sound engine started
[00:01:10] [Client thread/INFO]: Created: 1024x512 textures-atlas
[00:01:21] [Server thread/INFO]: Starting integrated minecraft server version 1.8
[00:01:21] [Server thread/INFO]: Generating keypair
[00:01:21] [Server thread/INFO]: Preparing start region for level 0
[00:01:22] [Server thread/INFO]: Changing view distance to 8, from 10
[00:01:22] [Server thread/INFO]: Player560[local:E:19ed69f3] logged in with entity id 160 at (423.91414013063064, 74.86512835898047, 294.0289952814168)
[00:01:22] [Server thread/INFO]: Player560 joined the game
[00:01:27] [Server thread/INFO]: Saving and pausing game...
[00:01:27] [Server thread/INFO]: Saving chunks for level 'mcpworld'/Overworld
[00:01:28] [Server thread/INFO]: Saving chunks for level 'mcpworld'/Nether
[00:01:28] [Server thread/INFO]: Saving chunks for level 'mcpworld'/The End
[00:01:28] [Server thread/INFO]: Stopping server
[00:01:28] [Server thread/INFO]: Saving players
[00:01:28] [Server thread/INFO]: Saving worlds
[00:01:28] [Server thread/INFO]: Saving chunks for level 'mcpworld'/Overworld
[00:01:28] [Server thread/INFO]: Saving chunks for level 'mcpworld'/Nether
[00:01:28] [Server thread/INFO]: Saving chunks for level 'mcpworld'/The End
[00:01:29] [Client thread/INFO]: Stopping!
[00:01:29] [Client thread/INFO]: SoundSystem shutting down...
[00:01:29] [Client thread/WARN]: Author: Paul Lamb, www.paulscode.com
